2015-08-29 10:37:03,911: DEBUG: log_handler.py: MAIN
2015-08-29 10:38:34,255: DEBUG: log_handler.py: PLAYER_LIST
2015-08-29 10:39:04,455: DEBUG: log_handler.py: PLAYER_LIST1
2015-08-29 10:39:36,320: DEBUG: log_handler.py: PLAYER_LIST1
2015-08-29 10:39:52,174: DEBUG: log_handler.py: PLAYER_LIST1
2015-08-29 10:39:58,238: DEBUG: log_handler.py: PLAYER_LIST1
2015-08-29 10:39:59,776: DEBUG: log_handler.py: PLAYER_LIST1
2015-08-29 10:40:03,718: DEBUG: log_handler.py: PLAYER_LIST1
2015-08-29 10:40:05,422: DEBUG: log_handler.py: PLAYER_LIST1
2015-08-29 10:40:06,720: DEBUG: log_handler.py: PLAYER_LIST1
2015-08-29 10:40:07,257: DEBUG: log_handler.py: PLAYER_LIST1
2015-08-29 10:40:07,258: DEBUG: log_handler.py: PLAYER_LIST2
2015-08-29 10:40:07,258: DEBUG: log_handler.py: PLAYER_LIST3
2015-08-29 10:40:18,311: DEBUG: log_handler.py: PLAYER_LIST1
2015-08-29 10:40:18,313: DEBUG: log_handler.py: PLAYER_LIST2
2015-08-29 10:40:18,313: DEBUG: log_handler.py: PLAYER_LIST3
2015-08-29 10:57:39,499: DEBUG: log_handler.py: Chris Bosh
2015-08-29 10:57:39,499: DEBUG: log_handler.py: None
2015-08-29 10:57:58,169: DEBUG: log_handler.py: Chris Bosh
2015-08-29 10:57:58,170: DEBUG: log_handler.py: 2003
2015-08-29 10:58:09,621: DEBUG: log_handler.py: Salman Syed
2015-08-29 10:58:09,621: DEBUG: log_handler.py: None
2015-08-29 10:58:18,833: DEBUG: log_handler.py: None
2015-08-29 10:58:18,833: DEBUG: log_handler.py: None
